Case #1: LUETDYXRFOPTZHYXMLNS
Case #2: MJIGOHIWXVFEJPLQGDC
Case #3: KYINLSAEOZEFWTQTHCI
Case #4: EYABAWXKFDQIEOVJPTP
Case #5: STBHKJMZXNUBPVOREI
Case #6: RCZGJDXETZPYJONDARQP
Case #7: OOSUQKJHRTWOFPVIDE
Case #8: GKIYWQFDUQLXLCVXZAP
Case #9: QVIRSBUHNDHWMOCVPEM
Case #10: QHRWVSIAXWTKNYZCIOOR
Case #11: MRDHUGKXVENHOQHHPCL
Case #12: ROZRNSXTGHPSHVDIKQBC
Case #13: VTFXCNAEODHWGNCRDIMP
Case #14: AXULIOFIJRQUVESACZ
Case #15: VJUAXXGRDVZNOEIMB
Case #16: BKZETGJRPHOSALCNNAL
Case #17: IKXYCXNPFLDZSGUBRVCA
Case #18: ONURPAQGSVEMQFWYOJB
Case #19: FKLWAZYJIMVFZCNEUH
Case #20: MRQMWBSPIKXFCIDTTJY
Case #21: NDRHFWGJUCZKBFCTYKL
Case #22: EKOUSPIBGDNDBQHYCFO
Case #23: UDPXFLVRKQRCSVNH
Case #24: KYMQGPRZIWMJDZGAHECE
Case #25: JAZBHUMSXWFWAZKTOVPG
Case #26: ARIMKZHTNJVRDYYAFEO
Case #27: VFUQBWZCXREXELNTSKZD
Case #28: BKWNJIIRCEKHMDLAQ
Case #29: EKCAYFDHQWOLNXNAUWWB
Case #30: JFLSSDPVAZYGBEYMMMMR
Case #31: NVREUOUPVZTJSHMNUWTA
Case #32: DPASPRDJHYQBGYZKOCJF
Case #33: ZIKCDDUAFXVBJHLOJCY
Case #34: AWPZQOTRTEHYSZSKGJD
Case #35: LKIAONRPFKVPGGHWEBJ
Case #36: INVOMOTHAPJKQLWRCGW
Case #37: PUGLZAVOMJASPIDMEWDS
Case #38: JZHTVURSIOAWNKF
Case #39: VYSCAQAUBDKHRGPTOE
Case #40: LUYIZDOIBGQJNHVDTE
Case #41: NABXMSLWYHQTZHJCTUXD
Case #42: EAROJWLVHPETGETDYZG
Case #43: GICOANQUYDTNNDWEZYRC
Case #44: QDCGMVKFZEOXWHAB
Case #45: RJCXMDYETCQNSDCWFOYK
Case #46: SVWXZZRYFRDCAZHUOMET
Case #47: NHPLWDGQISCVSMKAZVV
Case #48: RPXTYLDGUWVCYYEHAFKW
Case #49: VWXYKWTQHILPZRHCJGH
Case #50: PKHJOKRMASPTZICFEGL
Case #51: BDRMNSXZJVQYKUHTA
Case #52: ZXPZLGFHBWOOICMAUHS
Case #53: PBNOKBWZHXLRZGDFPTAH
Case #54: IUHXDPHEAOLRFBZASPYQ
Case #55: PPYPBSXDVRANLQQLFKZM
Case #56: ZFGDPMFTWDYPRZNSHIEO
Case #57: PXKILJVGURXEBNQBVCOP
Case #58: ETNDMLSFSCJHVRBYIFD
Case #59: KYFKRHPMNJTVOWRZXFE
Case #60: KLIIXRSHGJVVSBAOQE
Case #61: WQLFYMXIRUJQHXZEZCK
Case #62: VYTJGLAXPDASOXZDUWK
Case #63: ZVYMLLWXAMIGBTHUNFTC
Case #64: YEGNNDJOLZNXGUANQHSV
Case #65: JOHNSON
Case #66: HYNVIYABQSDXTRCEUMU
Case #67: NKUGLYNGAZLRDXJTFYB
Case #68: GAQDDETCIOUTKAGLYWVU
Case #69: WXCFGYKMZUSVJRMLINS
Case #70: ISLENEVXUSFGAZTNKRWT
Case #71: QWSYJHQKARMGKJIEYTB
Case #72: DLIJYSGNDZHRXBNMRWKH
Case #73: JMILXINNGFPUASVXDWS
Case #74: FFEEZNPCCRUEZAJXGQS
Case #75: QPFSKHZAOPAGWNBCCCG
Case #76: LKFJZLTVXDWSAQPFESU
Case #77: SBKMTECWTHSPBCDVJNA
Case #78: IJXXOWRQEAJKMNZVPYKS
Case #79: VMSNCPEKFQURDFZGQIL
Case #80: JLCMGQEJDYIWAXKQDR
Case #81: AQMRRXNHZGSUOYTXJ
Case #82: KQNGUWGISYCLRXBAZUUY
Case #83: ZSNLVCUPOEQQTKKRMGBX
Case #84: KZLZEJIMNNOXHFXGBYTB
Case #85: CUWJQIPJHTAOBORXXWUR
Case #86: WNRUHQCNAYTXOLEDCHO
Case #87: ACOTHWNVHGQLJAEMZ
Case #88: UGVPWRTAEZINRQRXCQH
Case #89: JTCBFGAFPEMHMUDYAURW
Case #90: DBADHJSLXIYRJBTNEPSV
Case #91: OXSYNIDZZQPVUJKAOTJM
Case #92: FYPCBMVGNDNXPWKKGUZV
Case #93: FYUXILAZGCMYEERTFUN
Case #94: TOGNKZTAEQRLQJMIUDYI
Case #95: XYEAKVCVWHSFATGFZQ
Case #96: GOEUACXNPGQRDXKDTAZY
Case #97: ZTIHDKDEBORMYCFGQIEJ
Case #98: LDBHQCQYSKAKJNFRUFON
Case #99: UDAXDQJRBMGTWEOSYRNQ
Case #100: ULMYPJWMPEXVSHQZCSB
